<?xml version="1.0" encoding="UTF-8"?>
<!-- Generated by org.testng.reporters.JUnitReportReporter -->
<testsuite skipped="0" hostname="RaghavendraS" name="com.restwithextent.tests.TCID1234" tests="1" failures="0" timestamp="05 Oct 2020 08:38:34 GMT" time="0.794" errors="0">
  <testcase name="TCID12345" time="0.794" classname="com.restwithextent.tests.TCID1234"/>
</testsuite> <!-- com.restwithextent.tests.TCID1234 -->
