<?xml version="1.0" encoding="UTF-8"?>
<!-- Generated by org.testng.reporters.JUnitReportReporter -->
<testsuite skipped="0" hostname="RaghavendraS" name="com.restwithextent.tests.TC351771" tests="1" failures="0" timestamp="21 Oct 2020 06:32:50 GMT" time="9.985" errors="0">
  <testcase name="Test351771" time="9.985" classname="com.restwithextent.tests.TC351771"/>
</testsuite> <!-- com.restwithextent.tests.TC351771 -->
