<?xml version="1.0" encoding="UTF-8"?>
<!-- Generated by org.testng.reporters.JUnitReportReporter -->
<testsuite skipped="0" hostname="RaghavendraS" name="com.restwithextent.tests.PostReq" tests="1" failures="0" timestamp="05 Oct 2020 07:57:13 GMT" time="1.181" errors="0">
  <testcase name="postReq" time="1.181" classname="com.restwithextent.tests.PostReq"/>
</testsuite> <!-- com.restwithextent.tests.PostReq -->
